2023-10-22 22:57:22,560 ERROR: Exception on /order_pots_by_throw_date/desc [GET] [in /Users/dorritochan/Documents/IT dojo/POTTERY/potterylog/venv/lib/python3.9/site-packages/flask/app.py:1741]
Traceback (most recent call last):
  File "/Users/dorritochan/Documents/IT dojo/POTTERY/potterylog/venv/lib/python3.9/site-packages/flask/app.py", line 2525, in wsgi_app
    response = self.full_dispatch_request()
  File "/Users/dorritochan/Documents/IT dojo/POTTERY/potterylog/venv/lib/python3.9/site-packages/flask/app.py", line 1822, in full_dispatch_request
    rv = self.handle_user_exception(e)
  File "/Users/dorritochan/Documents/IT dojo/POTTERY/potterylog/venv/lib/python3.9/site-packages/flask/app.py", line 1820, in full_dispatch_request
    rv = self.dispatch_request()
  File "/Users/dorritochan/Documents/IT dojo/POTTERY/potterylog/venv/lib/python3.9/site-packages/flask/app.py", line 1796, in dispatch_request
    return self.ensure_sync(self.view_functions[rule.endpoint])(**view_args)
  File "/Users/dorritochan/Documents/IT dojo/POTTERY/potterylog/venv/lib/python3.9/site-packages/flask_login/utils.py", line 290, in decorated_view
    return current_app.ensure_sync(func)(*args, **kwargs)
  File "/Users/dorritochan/Documents/IT dojo/POTTERY/potterylog/app/controller.py", line 1048, in order_pots
    return jsonify(pots)
  File "/Users/dorritochan/Documents/IT dojo/POTTERY/potterylog/venv/lib/python3.9/site-packages/flask/json/__init__.py", line 342, in jsonify
    return current_app.json.response(*args, **kwargs)
  File "/Users/dorritochan/Documents/IT dojo/POTTERY/potterylog/venv/lib/python3.9/site-packages/flask/json/provider.py", line 309, in response
    f"{self.dumps(obj, **dump_args)}\n", mimetype=mimetype
  File "/Users/dorritochan/Documents/IT dojo/POTTERY/potterylog/venv/lib/python3.9/site-packages/flask/json/provider.py", line 230, in dumps
    return json.dumps(obj, **kwargs)
  File "/Library/Frameworks/Python.framework/Versions/3.9/lib/python3.9/json/__init__.py", line 234, in dumps
    return cls(
  File "/Library/Frameworks/Python.framework/Versions/3.9/lib/python3.9/json/encoder.py", line 199, in encode
    chunks = self.iterencode(o, _one_shot=True)
  File "/Library/Frameworks/Python.framework/Versions/3.9/lib/python3.9/json/encoder.py", line 257, in iterencode
    return _iterencode(o, 0)
  File "/Users/dorritochan/Documents/IT dojo/POTTERY/potterylog/venv/lib/python3.9/site-packages/flask/json/provider.py", line 122, in _default
    raise TypeError(f"Object of type {type(o).__name__} is not JSON serializable")
TypeError: Object of type Pot is not JSON serializable
2023-10-22 23:20:15,368 INFO: Potterylog startup [in /Users/dorritochan/Documents/IT dojo/POTTERY/potterylog/app/__init__.py:41]
2023-10-22 23:20:22,874 ERROR: Exception on /order_pots_by_vessel_type/desc [GET] [in /Users/dorritochan/Documents/IT dojo/POTTERY/potterylog/venv/lib/python3.9/site-packages/flask/app.py:1741]
Traceback (most recent call last):
  File "/Users/dorritochan/Documents/IT dojo/POTTERY/potterylog/venv/lib/python3.9/site-packages/flask/app.py", line 2525, in wsgi_app
    response = self.full_dispatch_request()
  File "/Users/dorritochan/Documents/IT dojo/POTTERY/potterylog/venv/lib/python3.9/site-packages/flask/app.py", line 1822, in full_dispatch_request
    rv = self.handle_user_exception(e)
  File "/Users/dorritochan/Documents/IT dojo/POTTERY/potterylog/venv/lib/python3.9/site-packages/flask/app.py", line 1820, in full_dispatch_request
    rv = self.dispatch_request()
  File "/Users/dorritochan/Documents/IT dojo/POTTERY/potterylog/venv/lib/python3.9/site-packages/flask/app.py", line 1796, in dispatch_request
    return self.ensure_sync(self.view_functions[rule.endpoint])(**view_args)
  File "/Users/dorritochan/Documents/IT dojo/POTTERY/potterylog/venv/lib/python3.9/site-packages/flask_login/utils.py", line 290, in decorated_view
    return current_app.ensure_sync(func)(*args, **kwargs)
  File "/Users/dorritochan/Documents/IT dojo/POTTERY/potterylog/app/controller.py", line 1053, in order_pots
    pots_data = [pot_to_dict(pot) for pot in pots]
  File "/Users/dorritochan/Documents/IT dojo/POTTERY/potterylog/app/controller.py", line 1053, in <listcomp>
    pots_data = [pot_to_dict(pot) for pot in pots]
  File "/Users/dorritochan/Documents/IT dojo/POTTERY/potterylog/app/utils.py", line 380, in pot_to_dict
    'bisque_fired_with_program': pot.bisque_fired_with_program.name or '',
AttributeError: 'NoneType' object has no attribute 'name'
2023-10-22 23:33:50,273 INFO: Potterylog startup [in /Users/dorritochan/Documents/IT dojo/POTTERY/potterylog/app/__init__.py:41]
2023-10-22 23:33:57,169 ERROR: Exception on /order_pots_by_vessel_type/desc [GET] [in /Users/dorritochan/Documents/IT dojo/POTTERY/potterylog/venv/lib/python3.9/site-packages/flask/app.py:1741]
Traceback (most recent call last):
  File "/Users/dorritochan/Documents/IT dojo/POTTERY/potterylog/venv/lib/python3.9/site-packages/flask/app.py", line 2525, in wsgi_app
    response = self.full_dispatch_request()
  File "/Users/dorritochan/Documents/IT dojo/POTTERY/potterylog/venv/lib/python3.9/site-packages/flask/app.py", line 1822, in full_dispatch_request
    rv = self.handle_user_exception(e)
  File "/Users/dorritochan/Documents/IT dojo/POTTERY/potterylog/venv/lib/python3.9/site-packages/flask/app.py", line 1820, in full_dispatch_request
    rv = self.dispatch_request()
  File "/Users/dorritochan/Documents/IT dojo/POTTERY/potterylog/venv/lib/python3.9/site-packages/flask/app.py", line 1796, in dispatch_request
    return self.ensure_sync(self.view_functions[rule.endpoint])(**view_args)
  File "/Users/dorritochan/Documents/IT dojo/POTTERY/potterylog/venv/lib/python3.9/site-packages/flask_login/utils.py", line 290, in decorated_view
    return current_app.ensure_sync(func)(*args, **kwargs)
  File "/Users/dorritochan/Documents/IT dojo/POTTERY/potterylog/app/controller.py", line 1053, in order_pots
    pots_data = [pot_to_dict(pot) for pot in pots]
  File "/Users/dorritochan/Documents/IT dojo/POTTERY/potterylog/app/controller.py", line 1053, in <listcomp>
    pots_data = [pot_to_dict(pot) for pot in pots]
  File "/Users/dorritochan/Documents/IT dojo/POTTERY/potterylog/app/utils.py", line 381, in pot_to_dict
    'glaze_fired_with_program': pot.glaze_fired_with_program.name if glaze_fired_with_program else ''
NameError: name 'glaze_fired_with_program' is not defined
2023-10-22 23:34:25,723 INFO: Potterylog startup [in /Users/dorritochan/Documents/IT dojo/POTTERY/potterylog/app/__init__.py:41]
2023-10-22 23:34:31,383 ERROR: Exception on /order_pots_by_vessel_type/desc [GET] [in /Users/dorritochan/Documents/IT dojo/POTTERY/potterylog/venv/lib/python3.9/site-packages/flask/app.py:1741]
Traceback (most recent call last):
  File "/Users/dorritochan/Documents/IT dojo/POTTERY/potterylog/venv/lib/python3.9/site-packages/flask/app.py", line 2525, in wsgi_app
    response = self.full_dispatch_request()
  File "/Users/dorritochan/Documents/IT dojo/POTTERY/potterylog/venv/lib/python3.9/site-packages/flask/app.py", line 1822, in full_dispatch_request
    rv = self.handle_user_exception(e)
  File "/Users/dorritochan/Documents/IT dojo/POTTERY/potterylog/venv/lib/python3.9/site-packages/flask/app.py", line 1820, in full_dispatch_request
    rv = self.dispatch_request()
  File "/Users/dorritochan/Documents/IT dojo/POTTERY/potterylog/venv/lib/python3.9/site-packages/flask/app.py", line 1796, in dispatch_request
    return self.ensure_sync(self.view_functions[rule.endpoint])(**view_args)
  File "/Users/dorritochan/Documents/IT dojo/POTTERY/potterylog/venv/lib/python3.9/site-packages/flask_login/utils.py", line 290, in decorated_view
    return current_app.ensure_sync(func)(*args, **kwargs)
  File "/Users/dorritochan/Documents/IT dojo/POTTERY/potterylog/app/controller.py", line 1054, in order_pots
    return jsonify(pots_data)
  File "/Users/dorritochan/Documents/IT dojo/POTTERY/potterylog/venv/lib/python3.9/site-packages/flask/json/__init__.py", line 342, in jsonify
    return current_app.json.response(*args, **kwargs)
  File "/Users/dorritochan/Documents/IT dojo/POTTERY/potterylog/venv/lib/python3.9/site-packages/flask/json/provider.py", line 309, in response
    f"{self.dumps(obj, **dump_args)}\n", mimetype=mimetype
  File "/Users/dorritochan/Documents/IT dojo/POTTERY/potterylog/venv/lib/python3.9/site-packages/flask/json/provider.py", line 230, in dumps
    return json.dumps(obj, **kwargs)
  File "/Library/Frameworks/Python.framework/Versions/3.9/lib/python3.9/json/__init__.py", line 234, in dumps
    return cls(
  File "/Library/Frameworks/Python.framework/Versions/3.9/lib/python3.9/json/encoder.py", line 199, in encode
    chunks = self.iterencode(o, _one_shot=True)
  File "/Library/Frameworks/Python.framework/Versions/3.9/lib/python3.9/json/encoder.py", line 257, in iterencode
    return _iterencode(o, 0)
  File "/Users/dorritochan/Documents/IT dojo/POTTERY/potterylog/venv/lib/python3.9/site-packages/flask/json/provider.py", line 122, in _default
    raise TypeError(f"Object of type {type(o).__name__} is not JSON serializable")
TypeError: Object of type PotGlaze is not JSON serializable
2023-10-22 23:36:59,240 INFO: Potterylog startup [in /Users/dorritochan/Documents/IT dojo/POTTERY/potterylog/app/__init__.py:41]
2023-10-22 23:43:12,628 INFO: Potterylog startup [in /Users/dorritochan/Documents/IT dojo/POTTERY/potterylog/app/__init__.py:41]
2023-10-22 23:49:17,406 INFO: Potterylog startup [in /Users/dorritochan/Documents/IT dojo/POTTERY/potterylog/app/__init__.py:41]
2023-10-22 23:51:24,462 INFO: Potterylog startup [in /Users/dorritochan/Documents/IT dojo/POTTERY/potterylog/app/__init__.py:41]
2023-10-22 23:56:58,991 INFO: Potterylog startup [in /Users/dorritochan/Documents/IT dojo/POTTERY/potterylog/app/__init__.py:41]
2023-10-22 23:58:01,888 INFO: Potterylog startup [in /Users/dorritochan/Documents/IT dojo/POTTERY/potterylog/app/__init__.py:41]
2023-10-23 00:02:47,216 INFO: Potterylog startup [in /Users/dorritochan/Documents/IT dojo/POTTERY/potterylog/app/__init__.py:41]
2023-10-23 00:06:15,893 INFO: Potterylog startup [in /Users/dorritochan/Documents/IT dojo/POTTERY/potterylog/app/__init__.py:41]
